garbage
garbage
garbage
garbage
garbage
garbage
garbage
ukb0v.dat
ukb1v.dat
ukb3v.dat
uka0v.dat
uka3v.dat
ukf5v.dat
ukg0v.dat
ukk2v.dat
ukm1v.dat
ukm3v.dat
ukm5v.dat
ukm6v.dat
ukm6v.dat
ukm6v.dat
L3.5_LTDDA_example.txt
L5_2MASS1821p1414_full_fluxed_AA.txt
T2_SDSS1254m0122_full_fluxed_AA.txt
T5_2MASS0559m1404_full_fluxed_AA.txt
T6_2MASS1503p2525_full_fluxed_AA.txt
T7_WISE1019p6529_full_fluxed_AA.txt
T7_WISE2340m0745_full_fluxed_AA.txt
T8_2MASS0415m0935_full_fluxed_AA.txt
ukm3ii.dat
ukm2i.dat
ukm8iii.dat
ukm6iii.dat
ukm4iii.dat
ukm2iii.dat
ukm0iii.dat
ukk4iii.dat
ukk2iii.dat
ukk0iii.dat
ukg0iii.dat
garbage
garbage
garbage
garbage
garbage
garbage
garbage
garbage
garbage
garbage
fake_WD_template.txt
fake_WD_template.txt
fake_WD_template.txt
fake_WD_template.txt
garbage
garbage
garbage
garbage